<?xml version="1.0" encoding="UTF-8"?>
<!-- Generated by org.testng.reporters.JUnitXMLReporter -->
<testsuite hostname="markjop-VAIO" tests="1" failures="1" timestamp="1 Aug 2015 20:15:26 GMT" time="8.196" errors="0">
  <testcase name="testCaseSP005" time="4.318" classname="testSuite">
    <failure type="java.lang.AssertionError" message="expected [Sorry, Google doesn&amp;apos;t recognize that email. ] but found []">
      <![CDATA[java.lang.AssertionError: expected [Sorry, Google doesn't recognize that email. ] but found []
	at testSuite.testCaseSP005(testSuite.java:113)
... Removed 29 stack frames]]>
    </failure>
  </testcase> <!-- testCaseSP005 -->
</testsuite>
