<?xml version="1.0" encoding="UTF-8"?>
<!-- Generated by org.testng.reporters.JUnitXMLReporter -->
<testsuite hostname="markjop-VAIO" name="Default test" tests="6" failures="0" timestamp="3 Aug 2015 03:21:05 GMT" time="149.115" errors="0">
  <testcase name="testCaseSP001" time="7.982" classname="com.test.Automation_247.testSuite"/>
  <testcase name="testCaseSP002" time="14.571" classname="com.test.Automation_247.testSuite"/>
  <testcase name="testCaseSP003" time="17.596" classname="com.test.Automation_247.testSuite"/>
  <testcase name="testCaseSP004" time="36.52" classname="com.test.Automation_247.testSuite"/>
  <testcase name="testCaseSP005" time="18.327" classname="com.test.Automation_247.testSuite"/>
  <testcase name="testCaseSP006" time="30.011" classname="com.test.Automation_247.testSuite"/>
</testsuite> <!-- Default test -->
