<?xml version="1.0" encoding="UTF-8"?>
<!-- Generated by org.testng.reporters.JUnitXMLReporter -->
<testsuite hostname="markjop-VAIO" name="Default test" tests="6" failures="0" timestamp="1 Aug 2015 21:24:24 GMT" time="95.604" errors="0">
  <testcase name="testCaseSP001" time="1.868" classname="com.test.Automation_247.testSuite"/>
  <testcase name="testCaseSP002" time="4.093" classname="com.test.Automation_247.testSuite"/>
  <testcase name="testCaseSP003" time="28.495" classname="com.test.Automation_247.testSuite"/>
  <testcase name="testCaseSP004" time="16.764" classname="com.test.Automation_247.testSuite"/>
  <testcase name="testCaseSP005" time="5.415" classname="com.test.Automation_247.testSuite"/>
  <testcase name="testCaseSP006" time="10.972" classname="com.test.Automation_247.testSuite"/>
</testsuite> <!-- Default test -->
