<?xml version="1.0" encoding="UTF-8"?>
<!-- Generated by org.testng.reporters.JUnitXMLReporter -->
<testsuite hostname="markjop-VAIO" name="Default test(failed)" tests="3" failures="1" timestamp="1 Aug 2015 21:19:59 GMT" time="66.477" errors="0">
  <testcase name="testCaseSP004" time="35.953" classname="com.test.Automation_247.testSuite"/>
  <testcase name="testCaseSP005" time="6.054" classname="com.test.Automation_247.testSuite">
    <failure type="java.lang.AssertionError" message="expected [Sorry, Google doesn&amp;apos;t recognize that email.] but found []">
      <![CDATA[java.lang.AssertionError: expected [Sorry, Google doesn't recognize that email.] but found []
	at com.test.Automation_247.testSuite.testCaseSP005(testSuite.java:116)
... Removed 29 stack frames]]>
    </failure>
  </testcase> <!-- testCaseSP005 -->
  <testcase name="testCaseSP006" time="9.66" classname="com.test.Automation_247.testSuite"/>
</testsuite> <!-- Default test(failed) -->
